<?xml version="1.0" encoding="UTF-8"?>
<robot generator="Robot 6.1.1 (Python 3.12.0 on win32)" generated="20231108 16:46:51.421" rpa="false" schemaversion="4">
<suite id="s1" name="Signup" source="C:\TESTES\RobotFramework\QAx\projects\walkdog-robot\signup.robot">
<test id="s1-t1" name="Deve poder cadastrar um novo dog walker" line="7">
<kw name="Set Variable" library="BuiltIn">
<var>${name}</var>
<arg>Gabriel Costa</arg>
<doc>Returns the given values which can then be assigned to a variables.</doc>
<msg timestamp="20231108 16:46:52.758" level="INFO">${name} = Gabriel Costa</msg>
<status status="PASS" starttime="20231108 16:46:52.757" endtime="20231108 16:46:52.758"/>
</kw>
<kw name="Set Variable" library="BuiltIn">
<var>${email}</var>
<arg>gabriel@costa.com</arg>
<doc>Returns the given values which can then be assigned to a variables.</doc>
<msg timestamp="20231108 16:46:52.758" level="INFO">${email} = gabriel@costa.com</msg>
<status status="PASS" starttime="20231108 16:46:52.758" endtime="20231108 16:46:52.758"/>
</kw>
<kw name="Set Variable" library="BuiltIn">
<var>${cpf}</var>
<arg>00000014141</arg>
<doc>Returns the given values which can then be assigned to a variables.</doc>
<msg timestamp="20231108 16:46:52.758" level="INFO">${cpf} = 00000014141</msg>
<status status="PASS" starttime="20231108 16:46:52.758" endtime="20231108 16:46:52.759"/>
</kw>
<kw name="Set Variable" library="BuiltIn">
<var>${cep}</var>
<arg>78050-000</arg>
<doc>Returns the given values which can then be assigned to a variables.</doc>
<msg timestamp="20231108 16:46:52.759" level="INFO">${cep} = 78050-000</msg>
<status status="PASS" starttime="20231108 16:46:52.759" endtime="20231108 16:46:52.759"/>
</kw>
<kw name="Set Variable" library="BuiltIn">
<var>${addressNumber}</var>
<arg>1000</arg>
<doc>Returns the given values which can then be assigned to a variables.</doc>
<msg timestamp="20231108 16:46:52.759" level="INFO">${addressNumber} = 1000</msg>
<status status="PASS" starttime="20231108 16:46:52.759" endtime="20231108 16:46:52.759"/>
</kw>
<kw name="Set Variable" library="BuiltIn">
<var>${addressDetails}</var>
<arg>Apto 35</arg>
<doc>Returns the given values which can then be assigned to a variables.</doc>
<msg timestamp="20231108 16:46:52.759" level="INFO">${addressDetails} = Apto 35</msg>
<status status="PASS" starttime="20231108 16:46:52.759" endtime="20231108 16:46:52.759"/>
</kw>
<kw name="New Browser" library="Browser">
<arg>browser=chromium</arg>
<arg>headless=False</arg>
<tag>BrowserControl</tag>
<tag>Setter</tag>
<doc>Create a new playwright Browser with specified options.</doc>
<msg timestamp="20231108 16:46:52.760" level="INFO">{"browser": "chromium", "headless": false, "chromiumSandbox": false, "devtools": false, "handleSIGHUP": true, "handleSIGINT": true, "handleSIGTERM": true, "slowMo": 0.0, "timeout": 30000.0, "tracesDir": "C:\\TESTES\\RobotFramework\\QAx\\projects\\walkdog-robot\\logs\\browser\\traces\\783d3c07-cac2-4e0a-a184-59470426f8b3"}</msg>
<msg timestamp="20231108 16:46:54.194" level="INFO">Successfully created browser with options: {"browser":"chromium","headless":false,"chromiumSandbox":false,"devtools":false,"handleSIGHUP":true,"handleSIGINT":true,"handleSIGTERM":true,"slowMo":0,"timeout":30000,"tracesDir":"C:\\TESTES\\RobotFramework\\QAx\\projects\\walkdog-robot\\logs\\browser\\traces\\783d3c07-cac2-4e0a-a184-59470426f8b3"}</msg>
<status status="PASS" starttime="20231108 16:46:52.759" endtime="20231108 16:46:54.194"/>
</kw>
<kw name="New Page" library="Browser">
<arg>https://walkdog.vercel.app/signup</arg>
<tag>BrowserControl</tag>
<tag>Setter</tag>
<doc>Open a new Page.</doc>
<msg timestamp="20231108 16:46:55.757" level="INFO">Successfully initialized new page object and opened url: https://walkdog.vercel.app/signup</msg>
<msg timestamp="20231108 16:46:55.757" level="INFO">No context was open. New context was automatically opened when this page is created.</msg>
<status status="PASS" starttime="20231108 16:46:54.211" endtime="20231108 16:46:55.757"/>
</kw>
<kw name="Wait For Elements State" library="Browser">
<arg>form h1</arg>
<arg>visible</arg>
<arg>500</arg>
<tag>PageContent</tag>
<tag>Wait</tag>
<doc>Waits for the element found by ``selector`` to satisfy state option.</doc>
<msg timestamp="20231108 16:46:55.813" level="INFO">Waited for Element with selector form h1 at state visible</msg>
<status status="PASS" starttime="20231108 16:46:55.758" endtime="20231108 16:46:55.813"/>
</kw>
<kw name="Get Text" library="Browser">
<arg>form h1</arg>
<arg>equal</arg>
<arg>Faça seu cadastro</arg>
<tag>Assertion</tag>
<tag>Getter</tag>
<tag>PageContent</tag>
<doc>Returns text attribute of the element found by ``selector``.</doc>
<msg timestamp="20231108 16:46:55.854" level="INFO">Text: 'Faça seu cadastro'</msg>
<status status="PASS" starttime="20231108 16:46:55.813" endtime="20231108 16:46:55.854"/>
</kw>
<kw name="Fill Text" library="Browser">
<arg>css=input[name=name]</arg>
<arg>${name}</arg>
<tag>PageContent</tag>
<tag>Setter</tag>
<doc>Clears and fills the given ``txt`` into the text field found by ``selector``.</doc>
<msg timestamp="20231108 16:46:55.855" level="INFO">Fills the text 'Gabriel Costa' in the given field.</msg>
<status status="PASS" starttime="20231108 16:46:55.855" endtime="20231108 16:46:55.893"/>
</kw>
<kw name="Fill Text" library="Browser">
<arg>css=input[name=email]</arg>
<arg>${email}</arg>
<tag>PageContent</tag>
<tag>Setter</tag>
<doc>Clears and fills the given ``txt`` into the text field found by ``selector``.</doc>
<msg timestamp="20231108 16:46:55.894" level="INFO">Fills the text 'gabriel@costa.com' in the given field.</msg>
<status status="PASS" starttime="20231108 16:46:55.894" endtime="20231108 16:46:55.923"/>
</kw>
<kw name="Fill Text" library="Browser">
<arg>css=input[name=cpf]</arg>
<arg>${cpf}</arg>
<tag>PageContent</tag>
<tag>Setter</tag>
<doc>Clears and fills the given ``txt`` into the text field found by ``selector``.</doc>
<msg timestamp="20231108 16:46:55.925" level="INFO">Fills the text '00000014141' in the given field.</msg>
<status status="PASS" starttime="20231108 16:46:55.924" endtime="20231108 16:46:55.948"/>
</kw>
<kw name="Fill Text" library="Browser">
<arg>css=input[name=cep]</arg>
<arg>${cep}</arg>
<tag>PageContent</tag>
<tag>Setter</tag>
<doc>Clears and fills the given ``txt`` into the text field found by ``selector``.</doc>
<msg timestamp="20231108 16:46:55.949" level="INFO">Fills the text '78050-000' in the given field.</msg>
<status status="PASS" starttime="20231108 16:46:55.949" endtime="20231108 16:46:55.976"/>
</kw>
<kw name="Fill Text" library="Browser">
<arg>css=input[name=addressNumber]</arg>
<arg>${addressNumber}</arg>
<tag>PageContent</tag>
<tag>Setter</tag>
<doc>Clears and fills the given ``txt`` into the text field found by ``selector``.</doc>
<msg timestamp="20231108 16:46:55.977" level="INFO">Fills the text '1000' in the given field.</msg>
<status status="PASS" starttime="20231108 16:46:55.977" endtime="20231108 16:46:56.000"/>
</kw>
<kw name="Fill Text" library="Browser">
<arg>css=input[name=addressDetails]</arg>
<arg>${addressDetails}</arg>
<tag>PageContent</tag>
<tag>Setter</tag>
<doc>Clears and fills the given ``txt`` into the text field found by ``selector``.</doc>
<msg timestamp="20231108 16:46:56.001" level="INFO">Fills the text 'Apto 35' in the given field.</msg>
<status status="PASS" starttime="20231108 16:46:56.001" endtime="20231108 16:46:56.020"/>
</kw>
<status status="PASS" starttime="20231108 16:46:52.752" endtime="20231108 16:46:56.020"/>
</test>
<doc>Suite de testes de cadastro de dog walker</doc>
<status status="PASS" starttime="20231108 16:46:51.425" endtime="20231108 16:46:56.133"/>
</suite>
<statistics>
<total>
<stat pass="1" fail="0" skip="0">All Tests</stat>
</total>
<tag>
</tag>
<suite>
<stat pass="1" fail="0" skip="0" id="s1" name="Signup">Signup</stat>
</suite>
</statistics>
<errors>
</errors>
</robot>
